<?xml version="1.0" encoding="UTF-8"?>
<robot generator="Robot 4.0.3 (Python 3.9.6 on win32)" generated="20211102 12:39:47.685" rpa="false" schemaversion="2">
<suite id="s1" name="Exercicio Final Web" source="C:\Users\rsoliveira\Desktop\prime_experts\prime_experts\test\exercicio_final_web.robot">
<test id="s1-t1" name="Exercicio 1 - Pesquisar produto não existente">
<kw name="Open Session" library="hooks" type="SETUP">
<kw name="Open Browser" library="SeleniumLibrary">
<arg>about:blank</arg>
<arg>${config.browser.name}</arg>
<doc>Opens a new browser instance to the optional ``url``.</doc>
<msg timestamp="20211102 12:39:47.894" level="INFO">Opening browser 'Chrome' to base url 'about:blank'.</msg>
<status status="PASS" starttime="20211102 12:39:47.892" endtime="20211102 12:39:49.669"/>
</kw>
<kw name="Maximize Browser Window" library="SeleniumLibrary">
<doc>Maximizes current browser window.</doc>
<status status="PASS" starttime="20211102 12:39:49.669" endtime="20211102 12:39:49.825"/>
</kw>
<kw name="Go To" library="SeleniumLibrary">
<arg>${config.browser.url}</arg>
<doc>Navigates the current browser window to the provided ``url``.</doc>
<msg timestamp="20211102 12:39:49.826" level="INFO">Opening url 'http://automationpractice.com/'</msg>
<status status="PASS" starttime="20211102 12:39:49.826" endtime="20211102 12:39:56.111"/>
</kw>
<status status="PASS" starttime="20211102 12:39:47.892" endtime="20211102 12:39:56.111"/>
</kw>
<kw name="Dado que esteja na tela inicial" library="kws_exercicio_1">
<kw name="Wait Until Element Is Visible" library="SeleniumLibrary">
<arg>${campo_busca}</arg>
<doc>Waits until the element ``locator`` is visible.</doc>
<kw name="Capture Page Screenshot" library="SeleniumLibrary">
<doc>Takes a screenshot of the current page and embeds it into a log file.</doc>
<msg timestamp="20211102 12:40:02.102" level="INFO" html="true">&lt;/td&gt;&lt;/tr&gt;&lt;tr&gt;&lt;td colspan="3"&gt;&lt;a href="selenium-screenshot-1.png"&gt;&lt;img src="selenium-screenshot-1.png" width="800px"&gt;&lt;/a&gt;</msg>
<status status="PASS" starttime="20211102 12:40:01.946" endtime="20211102 12:40:02.102"/>
</kw>
<msg timestamp="20211102 12:40:02.105" level="FAIL">Element '//*[@id="search_query_top"]' not visible after 5 seconds.</msg>
<status status="FAIL" starttime="20211102 12:39:56.114" endtime="20211102 12:40:02.105"/>
</kw>
<status status="FAIL" starttime="20211102 12:39:56.113" endtime="20211102 12:40:02.105"/>
</kw>
<kw name="Quando pesquisar por produto inexistente" library="kws_exercicio_1">
<status status="NOT RUN" starttime="20211102 12:40:02.106" endtime="20211102 12:40:02.106"/>
</kw>
<kw name="Entao o site retorna mensagem de item não encontrado" library="kws_exercicio_1">
<status status="NOT RUN" starttime="20211102 12:40:02.107" endtime="20211102 12:40:02.107"/>
</kw>
<kw name="Close Session" library="hooks" type="TEARDOWN">
<kw name="Close Browser" library="SeleniumLibrary">
<doc>Closes the current browser.</doc>
<status status="PASS" starttime="20211102 12:40:02.108" endtime="20211102 12:40:04.456"/>
</kw>
<status status="PASS" starttime="20211102 12:40:02.107" endtime="20211102 12:40:04.456"/>
</kw>
<status status="FAIL" starttime="20211102 12:39:47.891" endtime="20211102 12:40:04.457">Element '//*[@id="search_query_top"]' not visible after 5 seconds.</status>
</test>
<test id="s1-t2" name="Exercicio 2 - Listar Produtos">
<kw name="Open Session" library="hooks" type="SETUP">
<kw name="Open Browser" library="SeleniumLibrary">
<arg>about:blank</arg>
<arg>${config.browser.name}</arg>
<doc>Opens a new browser instance to the optional ``url``.</doc>
<msg timestamp="20211102 12:40:04.459" level="INFO">Opening browser 'Chrome' to base url 'about:blank'.</msg>
<status status="PASS" starttime="20211102 12:40:04.458" endtime="20211102 12:40:06.220"/>
</kw>
<kw name="Maximize Browser Window" library="SeleniumLibrary">
<doc>Maximizes current browser window.</doc>
<status status="PASS" starttime="20211102 12:40:06.221" endtime="20211102 12:40:06.352"/>
</kw>
<kw name="Go To" library="SeleniumLibrary">
<arg>${config.browser.url}</arg>
<doc>Navigates the current browser window to the provided ``url``.</doc>
<msg timestamp="20211102 12:40:06.354" level="INFO">Opening url 'http://automationpractice.com/'</msg>
<status status="PASS" starttime="20211102 12:40:06.352" endtime="20211102 12:40:06.812"/>
</kw>
<status status="PASS" starttime="20211102 12:40:04.458" endtime="20211102 12:40:06.813"/>
</kw>
<kw name="Dado que esteja na tela inicial" library="kws_exercicio_1">
<kw name="Wait Until Element Is Visible" library="SeleniumLibrary">
<arg>${campo_busca}</arg>
<doc>Waits until the element ``locator`` is visible.</doc>
<kw name="Capture Page Screenshot" library="SeleniumLibrary">
<doc>Takes a screenshot of the current page and embeds it into a log file.</doc>
<status status="FAIL" starttime="20211102 12:40:11.636" endtime="20211102 12:40:11.637"/>
</kw>
<msg timestamp="20211102 12:40:11.637" level="WARN">Keyword 'Capture Page Screenshot' could not be run on failure: Execution terminated by signal</msg>
<status status="FAIL" starttime="20211102 12:40:06.815" endtime="20211102 12:40:11.639"/>
</kw>
<status status="FAIL" starttime="20211102 12:40:06.814" endtime="20211102 12:40:11.640"/>
</kw>
<kw name="Quando passar o cursor na categoria women no menu principal">
<status status="NOT RUN" starttime="20211102 12:40:11.645" endtime="20211102 12:40:11.645"/>
</kw>
<kw name="E clicar na sub categoria summer dresses" library="kws_exercicio_2">
<status status="NOT RUN" starttime="20211102 12:40:11.646" endtime="20211102 12:40:11.646"/>
</kw>
<kw name="Entao o site exibe os produtos da categoria solicitada" library="kws_exercicio_2">
<status status="NOT RUN" starttime="20211102 12:40:11.646" endtime="20211102 12:40:11.647"/>
</kw>
<kw name="Close Session" library="hooks" type="TEARDOWN">
<kw name="Close Browser" library="SeleniumLibrary">
<doc>Closes the current browser.</doc>
<errors>
<msg timestamp="20211102 12:40:11.637" level="WARN">Keyword 'Capture Page Screenshot' could not be run on failure: Execution terminated by signal</msg>
<msg timestamp="20211102 12:40:15.657" level="ERROR">Execution stopped by user.</msg>
</errors>
</robot>
